<?xml version="1.0" encoding="UTF-8"?>
<!-- Generated by org.testng.reporters.JUnitXMLReporter -->
<testsuite ignored="0" hostname="siva_acharya" failures="1" tests="5" name="AddEmployeeTest" time="16.39" errors="0" timestamp="2023-05-19T18:35:01 IST">
  <testcase classname="com.baseTest.AddEmployeeList" name="oHRMApplicationLogInPageValidationTest" time="5.891"/>
  <testcase classname="com.baseTest.AddEmployeeList" name="oHRMApplicationHomePageAdminTest" time="0.283"/>
  <testcase classname="com.baseTest.AddEmployeeList" name="oHRMApplicationHomePagePIMTest" time="0.578"/>
  <testcase classname="com.baseTest.AddEmployeeList" name="oHRMApplicationHomePageAddEmployeeTest" time="1.776"/>
  <testcase classname="com.baseTest.AddEmployeeList" name="oHRMApplicationHomePageAddEmployeeValidationTest" time="0.889">
    <failure type="java.io.IOException" message="Cannot run program &amp;quot;\Users\shiva&amp;quot;: CreateProcess error=2, The system cannot find the file specified">
      <![CDATA[java.io.IOException: Cannot run program "\Users\shiva": CreateProcess error=2, The system cannot find the file specified
at java.base/java.lang.ProcessBuilder.start(ProcessBuilder.java:1143)
at java.base/java.lang.ProcessBuilder.start(ProcessBuilder.java:1073)
at java.base/java.lang.Runtime.exec(Runtime.java:594)
at java.base/java.lang.Runtime.exec(Runtime.java:418)
at java.base/java.lang.Runtime.exec(Runtime.java:315)
at com.baseTest.AddEmployeeList.oHRMApplicationHomePageAddEmployeeValidationTest(AddEmployeeList.java:247)
at java.base/java.util.ArrayList.forEach(ArrayList.java:1511)
at java.base/java.util.concurrent.FutureTask.run(FutureTask.java:264)
at java.base/java.util.concurrent.ThreadPoolExecutor.runWorker(ThreadPoolExecutor.java:1136)
at java.base/java.util.concurrent.ThreadPoolExecutor$Worker.run(ThreadPoolExecutor.java:635)
at java.base/java.lang.Thread.run(Thread.java:833)
Caused by: java.io.IOException: CreateProcess error=2, The system cannot find the file specified
at java.base/java.lang.ProcessImpl.create(Native Method)
at java.base/java.lang.ProcessImpl.<init>(ProcessImpl.java:499)
at java.base/java.lang.ProcessImpl.start(ProcessImpl.java:158)
at java.base/java.lang.ProcessBuilder.start(ProcessBuilder.java:1110)
... 28 more
... Removed 18 stack frames]]>
    </failure>
  </testcase> <!-- oHRMApplicationHomePageAddEmployeeValidationTest -->
</testsuite> <!-- AddEmployeeTest -->
