<?xml version="1.0" encoding="UTF-8"?>
<!-- Generated by org.testng.reporters.JUnitXMLReporter -->
<testsuite ignored="0" hostname="siva_acharya" failures="0" tests="2" name="logintest" time="17.746" errors="0" timestamp="2023-05-20T07:15:17 IST">
  <testcase classname="com.baseTest.LoginValidationText" name="OHRMApplicationLogInPageValidationTest" time="4.966"/>
  <testcase classname="com.baseTest.LoginValidationText" name="oHRMApplicationHomePagelogOutTest" time="2.728"/>
</testsuite> <!-- logintest -->
